This is pdfeTeXk, Version 3.141592-1.21a-2.2 (Web2C 7.5.4) (format=latex 2005.9.9)  31 DEC 2006 11:15
entering extended mode
 Source specials enabled.
**notes2.tex
(./notes2.tex
LaTeX2e <2003/12/01>
Babel <v3.8d> and hyphenation patterns for american, french, german, ngerman, b
ahasa, basque, bulgarian, catalan, croatian, czech, danish, dutch, esperanto, e
stonian, finnish, greek, icelandic, irish, italian, latin, magyar, norsk, polis
h, portuges, romanian, russian, serbian, slovak, slovene, spanish, swedish, tur
kish, ukrainian, nohyphenation, loaded.
(/home/chengs/include/revtex4/revtex4.cls
Document Class: revtex4 2001/08/03 v4.0 (http://publish.aps.org/revtex4/ for do
cumentation)
 Copyright (c) 2001 The American Physical Society.
 mailto:revtex@aps.org
 Licensed under the LPPL:
http://www.ctan.org/tex-archive/macros/latex/base/lppl.txt
 Arthur Ogawa <ogawa@teleport.com>
 Based on work by David Carlisle <david@dcarlisle.demon.co.uk>.
ltxutil: portions licensed from W. E. Baxter (web@superscript.com)
Class revtex4 Info: Repairing broken LateX \@sect on input line 596.
\intertabularlinepenalty=\count79
\@tbpen=\count80
\@arstrutbox@hline=\box26
Class revtex4 Info: Repairing broken LaTeX \@xbitor on input line 1610.
ltxgrid: portions licensed from W. E. Baxter (web@superscript.com)
\c@linecount=\count81
\output=\toks14
\@protection@box=\box27
\@topmark@saved=\toks15
\footins@saved=\box28
\pagesofar=\box29
\footbox=\box30
\pagegrid@col=\count82
Class revtex4 Info: Incorporating package {textcase}  [1998/11/12 v0.06 Text on
ly upper/lower case changing (DPC)]. on input line 3682.
(/usr/share/texmf/tex/latex/url/url.sty
\Urlmuskip=\muskip10
Package: url 2004/03/15  ver 3.1  Verb mode for urls, etc.
)
\c@affil=\count83
\absbox=\box31
\c@part=\count84
\c@section=\count85
\c@subsection=\count86
\c@subsubsection=\count87
\c@paragraph=\count88
\c@subparagraph=\count89
\abovecaptionskip=\skip41
\belowcaptionskip=\skip42
\c@figure=\count90
\c@table=\count91

(/usr/share/texmf/tex/latex/natbib/natbib.sty
Package: natbib 2003/06/06 7.1 (PWD)
\bibhang=\skip43
\bibsep=\skip44
LaTeX Info: Redefining \cite on input line 518.
\c@NAT@ctr=\count92
)
\widetext@top=\box32
\widetext@bot=\box33

(/home/chengs/include/revtex4/revsymb.sty
Package: revsymb 2001/08/03 v4.0 (http://publish.aps.org/revtex4/ for documenta
tion)
LaTeX Info: Redefining \REV@mathfrak on input line 118.
))
(/home/chengs/include/revtex4/aps.rtx
File: aps.rtx 2001/08/03 v4.0 (http://publish.aps.org/revtex4/ for documentatio
n)
 (/home/chengs/include/revtex4/rmp.rtx
File: rmp.rtx 2001/08/03 v4.0 (http://publish.aps.org/revtex4/ for documentatio
n)
))
(/home/chengs/include/revtex4/10pt.rtx
File: 10pt.rtx 2001/08/03 v4.0 (http://publish.aps.org/revtex4/ for documentati
on)
)
(/usr/share/texmf/tex/latex/graphics/graphicx.sty
Package: graphicx 1999/02/16 v1.0f Enhanced LaTeX Graphics (DPC,SPQR)

(/usr/share/texmf/tex/latex/graphics/keyval.sty
Package: keyval 1999/03/16 v1.13 key=value parser (DPC)
\KV@toks@=\toks16
)
(/usr/share/texmf/tex/latex/graphics/graphics.sty
Package: graphics 2001/07/07 v1.0n Standard LaTeX Graphics (DPC,SPQR)

(/usr/share/texmf/tex/latex/graphics/trig.sty
Package: trig 1999/03/16 v1.09 sin cos tan (DPC)
)
(/usr/share/texmf/tex/latex/graphics/graphics.cfg
File: graphics.cfg 2005/02/03 v1.3 graphics configuration of teTeX/TeXLive
)
Package graphics Info: Driver file: dvips.def on input line 80.

(/usr/share/texmf/tex/latex/graphics/dvips.def
File: dvips.def 1999/02/16 v3.0i Driver-dependant file (DPC,SPQR)
))
\Gin@req@height=\dimen102
\Gin@req@width=\dimen103
)
(/usr/share/texmf/tex/latex/amsmath/amsmath.sty
Package: amsmath 2000/07/18 v2.13 AMS math features
\@mathmargin=\skip45

For additional information on amsmath, use the `?' option.
(/usr/share/texmf/tex/latex/amsmath/amstext.sty
Package: amstext 2000/06/29 v2.01

(/usr/share/texmf/tex/latex/amsmath/amsgen.sty
File: amsgen.sty 1999/11/30 v2.0
\@emptytoks=\toks17
\ex@=\dimen104
))
(/usr/share/texmf/tex/latex/amsmath/amsbsy.sty
Package: amsbsy 1999/11/29 v1.2d
\pmbraise@=\dimen105
)
(/usr/share/texmf/tex/latex/amsmath/amsopn.sty
Package: amsopn 1999/12/14 v2.01 operator names
)
\inf@bad=\count93
LaTeX Info: Redefining \frac on input line 211.
\uproot@=\count94
\leftroot@=\count95
LaTeX Info: Redefining \overline on input line 307.
\classnum@=\count96
\DOTSCASE@=\count97
LaTeX Info: Redefining \ldots on input line 379.
LaTeX Info: Redefining \dots on input line 382.
LaTeX Info: Redefining \cdots on input line 467.
\Mathstrutbox@=\box34
\strutbox@=\box35
\big@size=\dimen106
LaTeX Font Info:    Redeclaring font encoding OML on input line 567.
LaTeX Font Info:    Redeclaring font encoding OMS on input line 568.
\macc@depth=\count98
\c@MaxMatrixCols=\count99
\dotsspace@=\muskip11
\c@parentequation=\count100
\dspbrk@lvl=\count101
\tag@help=\toks18
\row@=\count102
\column@=\count103
\maxfields@=\count104
\andhelp@=\toks19
\eqnshift@=\dimen107
\alignsep@=\dimen108
\tagshift@=\dimen109
\tagwidth@=\dimen110
\totwidth@=\dimen111
\lineht@=\dimen112
\@envbody=\toks20
\multlinegap=\skip46
\multlinetaggap=\skip47
\mathdisplay@stack=\toks21
LaTeX Info: Redefining \[ on input line 2666.
LaTeX Info: Redefining \] on input line 2667.
)
(/usr/share/texmf/tex/latex/amsfonts/amsfonts.sty
Package: amsfonts 2001/10/25 v2.2f
\symAMSa=\mathgroup4
\symAMSb=\mathgroup5
LaTeX Font Info:    Overwriting math alphabet `\mathfrak' in version `bold'
(Font)                  U/euf/m/n --> U/euf/b/n on input line 132.
LaTeX Info: Redefining \frak on input line 135.
LaTeX Info: Redefining \Bbb on input line 137.
) (./notes2.aux)
\openout1 = `notes2.aux'.

LaTeX Font Info:    Checking defaults for OML/cmm/m/it on input line 21.
LaTeX Font Info:    ... okay on input line 21.
LaTeX Font Info:    Checking defaults for T1/cmr/m/n on input line 21.
LaTeX Font Info:    ... okay on input line 21.
LaTeX Font Info:    Checking defaults for OT1/cmr/m/n on input line 21.
LaTeX Font Info:    ... okay on input line 21.
LaTeX Font Info:    Checking defaults for OMS/cmsy/m/n on input line 21.
LaTeX Font Info:    ... okay on input line 21.
LaTeX Font Info:    Checking defaults for OMX/cmex/m/n on input line 21.
LaTeX Font Info:    ... okay on input line 21.
LaTeX Font Info:    Checking defaults for U/cmr/m/n on input line 21.
LaTeX Font Info:    ... okay on input line 21.
Class revtex4 Info: Patching LaTeX tabular. on input line 21.
Class revtex4 Info: cite was not loaded (OK!) on input line 21.
Class revtex4 Info: multicol was not loaded (OK!) on input line 21.
LaTeX Font Info:    Try loading font information for U+msa on input line 48.

(/usr/share/texmf/tex/latex/amsfonts/umsa.fd
File: umsa.fd 2002/01/19 v2.2g AMS font definitions
)
LaTeX Font Info:    Try loading font information for U+msb on input line 48.

(/usr/share/texmf/tex/latex/amsfonts/umsb.fd
File: umsb.fd 2002/01/19 v2.2g AMS font definitions
)
File: figs/EEG-snippet.eps Graphic file (type eps)
 <figs/EEG-snippet.eps>
File: figs/pmtm-kyl-01-4-26-outerArm.eps Graphic file (type eps)

<figs/pmtm-kyl-01-4-26-outerArm.eps>
File: figs/EEGPower123Fam.eps Graphic file (type eps)
 <figs/EEGPower123Fam.eps>

LaTeX Warning: Float too large for page by 2.22498pt on input line 143.


! LaTeX Error: File `figs/ACG_day-1-19-kyl-8-4-25-1' not found.

See the LaTeX manual or LaTeX Companion for explanation.
Type  H <return>  for immediate help.
 ...                                              
                                                  
l.148 ...egraphics{figs/ACG_day-1-19-kyl-8-4-25-1}
                                                  
I could not locate the file with any of these extensions:
.eps,.ps,.eps.gz,.ps.gz,.eps.Z
Try typing  <return>  to proceed.
If that doesn't work, type  X <return>  to quit.


! LaTeX Error: File `figs/ACG_SidePeak' not found.

See the LaTeX manual or LaTeX Companion for explanation.
Type  H <return>  for immediate help.
 ...                                              
                                                  
l.149     \includegraphics{figs/ACG_SidePeak}
                                             
I could not locate the file with any of these extensions:
.eps,.ps,.eps.gz,.ps.gz,.eps.Z
Try typing  <return>  to proceed.
If that doesn't work, type  X <return>  to quit.


! LaTeX Error: File `figs/ACG_ThetaPower' not found.

See the LaTeX manual or LaTeX Companion for explanation.
Type  H <return>  for immediate help.
 ...                                              
                                                  
l.150     \includegraphics{figs/ACG_ThetaPower}
                                               \\
I could not locate the file with any of these extensions:
.eps,.ps,.eps.gz,.ps.gz,.eps.Z
Try typing  <return>  to proceed.
If that doesn't work, type  X <return>  to quit.


! LaTeX Error: There's no line here to end.

See the LaTeX manual or LaTeX Companion for explanation.
Type  H <return>  for immediate help.
 ...                                              
                                                  
l.150     \includegraphics{figs/ACG_ThetaPower}\\
                                                 
Your command was ignored.
Type  I <command> <return>  to replace it with another command,
or  <return>  to continue without it.


LaTeX Warning: File `figs/CCG_day-1-65-ter-1-4-24-5__26-4.eps' not found on inp
ut line 151.


! LaTeX Error: File `figs/CCG_day-1-65-ter-1-4-24-5__26-4.eps' not found.

See the LaTeX manual or LaTeX Companion for explanation.
Type  H <return>  for immediate help.
 ...                                              
                                                  
l.151 ...figs/CCG_day-1-65-ter-1-4-24-5__26-4.eps}
                                                  
Try typing  <return>  to proceed.
If that doesn't work, type  X <return>  to quit.


! LaTeX Error: Cannot determine size of graphic in figs/CCG_day-1-65-ter-1-4-24
-5__26-4.eps (no BoundingBox).

See the LaTeX manual or LaTeX Companion for explanation.
Type  H <return>  for immediate help.
 ...                                              
                                                  
l.151 ...figs/CCG_day-1-65-ter-1-4-24-5__26-4.eps}
                                                  
Try typing  <return>  to proceed.
If that doesn't work, type  X <return>  to quit.

File: figs/CCG_day-1-65-ter-1-4-24-5__26-4.eps Graphic file (type eps)
<figs/CCG_day-1-65-ter-1-4-24-5__26-4.eps>

! LaTeX Error: File `figs/CCG_CenterPeak' not found.

See the LaTeX manual or LaTeX Companion for explanation.
Type  H <return>  for immediate help.
 ...                                              
                                                  
l.152     \includegraphics{figs/CCG_CenterPeak}
                                               
I could not locate the file with any of these extensions:
.eps,.ps,.eps.gz,.ps.gz,.eps.Z
Try typing  <return>  to proceed.
If that doesn't work, type  X <return>  to quit.


! LaTeX Error: File `figs/CCG_ThetaPower' not found.

See the LaTeX manual or LaTeX Companion for explanation.
Type  H <return>  for immediate help.
 ...                                              
                                                  
l.153     \includegraphics{figs/CCG_ThetaPower}
                                               
I could not locate the file with any of these extensions:
.eps,.ps,.eps.gz,.ps.gz,.eps.Z
Try typing  <return>  to proceed.
If that doesn't work, type  X <return>  to quit.


! LaTeX Error: File `figs/kyl-3-4-28-1' not found.

See the LaTeX manual or LaTeX Companion for explanation.
Type  H <return>  for immediate help.
 ...                                              
                                                  
l.196     \includegraphics{figs/kyl-3-4-28-1}
                                             
I could not locate the file with any of these extensions:
.eps,.ps,.eps.gz,.ps.gz,.eps.Z
Try typing  <return>  to proceed.
If that doesn't work, type  X <return>  to quit.


! LaTeX Error: File `figs/kyl-4-4-28-6' not found.

See the LaTeX manual or LaTeX Companion for explanation.
Type  H <return>  for immediate help.
 ...                                              
                                                  
l.197     \includegraphics{figs/kyl-4-4-28-6}
                                             
I could not locate the file with any of these extensions:
.eps,.ps,.eps.gz,.ps.gz,.eps.Z
Try typing  <return>  to proceed.
If that doesn't work, type  X <return>  to quit.

File: figs/coefAbs_pf8_fam1.eps Graphic file (type eps)
<figs/coefAbs_pf8_fam1.eps>
File: figs/cirvar_pf8_fam1.eps Graphic file (type eps)
 <figs/cirvar_pf8_fam1.eps>
File: figs/mutual_pf8_fam1.eps Graphic file (type eps)

<figs/mutual_pf8_fam1.eps>
File: figs/coef_pf7.eps Graphic file (type eps)
 <figs/coef_pf7.eps>
File: figs/circvar_pf7.eps Graphic file (type eps)
 <figs/circvar_pf7.eps>
File: figs/mutual_pf7.eps Graphic file (type eps)

<figs/mutual_pf7.eps>
File: figs/coef_pf7.eps Graphic file (type eps)
 <figs/coef_pf7.eps>
File: figs/circvar_pf7.eps Graphic file (type eps)
 <figs/circvar_pf7.eps>
File: figs/mutual_pf7.eps Graphic file (type eps)

<figs/mutual_pf7.eps>
File: figs/coef_pf7.eps Graphic file (type eps)
 <figs/coef_pf7.eps>
File: figs/circvar_pf7.eps Graphic file (type eps)
 <figs/circvar_pf7.eps>
File: figs/mutual_pf7.eps Graphic file (type eps)

<figs/mutual_pf7.eps>
File: figs/seq_comp_fam.eps Graphic file (type eps)
 <figs/seq_comp_fam.eps>
File: figs/seq_comp_fam-arm.eps Graphic file (type eps)
 <figs/seq_comp_fam-arm.eps>
File: figs/seq_comp_day-1.eps Graphic file (type eps)

<figs/seq_comp_day-1.eps>
File: figs/seq_comp_day-3.eps Graphic file (type eps)
 <figs/seq_comp_day-3.eps>
File: figs/PeakRatio_fam_vs_overlap.eps Graphic file (type eps)

<figs/PeakRatio_fam_vs_overlap.eps>
File: figs/PeakRatio_fam_vs_non_overlap.eps Graphic file (type eps)
 <figs/PeakRatio_fam_vs_non_overlap.eps>
File: figs/PeakRatio_day1.eps Graphic file (type eps)

<figs/PeakRatio_day1.eps>
File: figs/PeakRatio_run2.eps Graphic file (type eps)
 <figs/PeakRatio_run2.eps>
File: figs/NRippleEvents.eps Graphic file (type eps)
 <figs/NRippleEvents.eps>
File: figs/SpikesPerEvent.eps Graphic file (type eps)

<figs/SpikesPerEvent.eps>
File: figs/BurstsPerEvent.eps Graphic file (type eps)
 <figs/BurstsPerEvent.eps>
File: figs/RippleLength.eps Graphic file (type eps)
 <figs/RippleLength.eps>
File: figs/SpikesPerBurst.eps Graphic file (type eps)

<figs/SpikesPerBurst.eps>
File: figs/seq_comp_fam.eps Graphic file (type eps)
 <figs/seq_comp_fam.eps>
File: figs/seq_comp_fam-arm.eps Graphic file (type eps)
 <figs/seq_comp_fam-arm.eps>
File: figs/seq_comp_day-1.eps Graphic file (type eps)

<figs/seq_comp_day-1.eps>
File: figs/seq_comp_day-3.eps Graphic file (type eps)
 <figs/seq_comp_day-3.eps>
File: figs/PeakRatio_fam_vs_overlap.eps Graphic file (type eps)

<figs/PeakRatio_fam_vs_overlap.eps>
File: figs/PeakRatio_fam_vs_non_overlap.eps Graphic file (type eps)
 <figs/PeakRatio_fam_vs_non_overlap.eps>
File: figs/PeakRatio_day1.eps Graphic file (type eps)

<figs/PeakRatio_day1.eps>
File: figs/PeakRatio_run2.eps Graphic file (type eps)
 <figs/PeakRatio_run2.eps>
File: figs/NRippleEvents.eps Graphic file (type eps)
 <figs/NRippleEvents.eps>
File: figs/SpikesPerEvent.eps Graphic file (type eps)

<figs/SpikesPerEvent.eps>
File: figs/BurstsPerEvent.eps Graphic file (type eps)
 <figs/BurstsPerEvent.eps>
File: figs/RippleLength.eps Graphic file (type eps)
 <figs/RippleLength.eps>
File: figs/SpikesPerBurst.eps Graphic file (type eps)

<figs/SpikesPerBurst.eps> (./notes2.bbl

Package natbib Warning: Empty `thebibliography' environment on input line 3.

) [1] [2] [3] [4] [5] [6] [7] [8] (./notes2.aux) ) 
Here is how much of TeX's memory you used:
 2800 strings out of 94501
 33797 string characters out of 1169944
 106973 words of memory out of 1000000
 5907 multiletter control sequences out of 10000+50000
 12984 words of font info for 50 fonts, out of 500000 for 2000
 580 hyphenation exceptions out of 1000
 34i,7n,29p,2213b,331s stack positions out of 3000i,1500n,5000p,200000b,15000s

Output written on notes2.dvi (8 pages, 14748 bytes).
